<?xml version="1.0" encoding="UTF-8"?>
<coverage generated="1563183111930" clover="3.2.0">
  <project timestamp="1563183111930" name="All files">
    <metrics statements="58" coveredstatements="42" conditionals="34" coveredconditionals="23" methods="21" coveredmethods="19" elements="113" coveredelements="84" complexity="0" loc="58" ncloc="58" packages="1" files="3" classes="3">
      <file name="Color.js" path="C:\c\dktrace2\src\Color.js">
        <metrics statements="15" coveredstatements="11" conditionals="8" coveredconditionals="4" methods="4" coveredmethods="4"/>
        <line num="5" count="12" type="stmt"/>
        <line num="6" count="12" type="stmt"/>
        <line num="7" count="12" type="stmt"/>
        <line num="11" count="1" type="cond" truecount="1" falsecount="1"/>
        <line num="12" count="0" type="stmt"/>
        <line num="17" count="1" type="stmt"/>
        <line num="21" count="1" type="cond" truecount="1" falsecount="1"/>
        <line num="22" count="0" type="stmt"/>
        <line num="27" count="1" type="stmt"/>
        <line num="31" count="1" type="cond" truecount="1" falsecount="1"/>
        <line num="32" count="0" type="stmt"/>
        <line num="35" count="1" type="cond" truecount="1" falsecount="1"/>
        <line num="36" count="1" type="stmt"/>
        <line num="39" count="0" type="stmt"/>
        <line num="46" count="1" type="stmt"/>
      </file>
      <file name="Tuple.js" path="C:\c\dktrace2\src\Tuple.js">
        <metrics statements="35" coveredstatements="28" conditionals="26" coveredconditionals="19" methods="15" coveredmethods="15"/>
        <line num="3" count="1" type="stmt"/>
        <line num="10" count="34" type="stmt"/>
        <line num="14" count="44" type="stmt"/>
        <line num="15" count="44" type="stmt"/>
        <line num="16" count="44" type="stmt"/>
        <line num="17" count="44" type="stmt"/>
        <line num="21" count="5" type="stmt"/>
        <line num="25" count="15" type="stmt"/>
        <line num="29" count="5" type="stmt"/>
        <line num="33" count="3" type="cond" truecount="1" falsecount="1"/>
        <line num="34" count="0" type="stmt"/>
        <line num="40" count="3" type="stmt"/>
        <line num="49" count="1" type="cond" truecount="3" falsecount="1"/>
        <line num="50" count="0" type="stmt"/>
        <line num="56" count="1" type="stmt"/>
        <line num="65" count="3" type="cond" truecount="3" falsecount="1"/>
        <line num="66" count="0" type="stmt"/>
        <line num="72" count="3" type="stmt"/>
        <line num="81" count="1" type="stmt"/>
        <line num="85" count="1" type="stmt"/>
        <line num="94" count="3" type="stmt"/>
        <line num="103" count="4" type="cond" truecount="1" falsecount="1"/>
        <line num="104" count="0" type="stmt"/>
        <line num="110" count="4" type="stmt"/>
        <line num="114" count="2" type="cond" truecount="1" falsecount="1"/>
        <line num="115" count="0" type="stmt"/>
        <line num="120" count="2" type="stmt"/>
        <line num="121" count="2" type="stmt"/>
        <line num="125" count="1" type="cond" truecount="3" falsecount="1"/>
        <line num="126" count="0" type="stmt"/>
        <line num="132" count="1" type="stmt"/>
        <line num="138" count="1" type="cond" truecount="3" falsecount="1"/>
        <line num="139" count="0" type="stmt"/>
        <line num="145" count="1" type="stmt"/>
        <line num="153" count="1" type="stmt"/>
      </file>
      <file name="rt-error.js" path="C:\c\dktrace2\src\rt-error.js">
        <metrics statements="8" coveredstatements="3" conditionals="0" coveredconditionals="0" methods="2" coveredmethods="0"/>
        <line num="1" count="2" type="stmt"/>
        <line num="7" count="2" type="stmt"/>
        <line num="15" count="0" type="stmt"/>
        <line num="16" count="0" type="stmt"/>
        <line num="17" count="0" type="stmt"/>
        <line num="18" count="0" type="stmt"/>
        <line num="22" count="0" type="stmt"/>
        <line num="26" count="2" type="stmt"/>
      </file>
    </metrics>
  </project>
</coverage>
