TN:
SF:C:\c\dktrace2\src\Color.js
FN:4,(anonymous_0)
FN:10,(anonymous_1)
FN:20,(anonymous_2)
FN:30,(anonymous_3)
FNF:4
FNH:4
FNDA:12,(anonymous_0)
FNDA:1,(anonymous_1)
FNDA:1,(anonymous_2)
FNDA:1,(anonymous_3)
DA:5,12
DA:6,12
DA:7,12
DA:11,1
DA:12,0
DA:17,1
DA:21,1
DA:22,0
DA:27,1
DA:31,1
DA:32,0
DA:35,1
DA:36,1
DA:39,0
DA:46,1
LF:15
LH:11
BRDA:11,0,0,0
BRDA:11,0,1,1
BRDA:21,1,0,0
BRDA:21,1,1,1
BRDA:31,2,0,0
BRDA:31,2,1,1
BRDA:35,3,0,1
BRDA:35,3,1,0
BRF:8
BRH:4
end_of_record
TN:
SF:C:\c\dktrace2\src\Tuple.js
FN:9,(anonymous_0)
FN:13,(anonymous_1)
FN:20,(anonymous_2)
FN:24,(anonymous_3)
FN:28,(anonymous_4)
FN:32,(anonymous_5)
FN:48,(anonymous_6)
FN:64,(anonymous_7)
FN:80,(anonymous_8)
FN:84,(anonymous_9)
FN:93,(anonymous_10)
FN:102,(anonymous_11)
FN:113,(anonymous_12)
FN:124,(anonymous_13)
FN:137,(anonymous_14)
FNF:15
FNH:15
FNDA:34,(anonymous_0)
FNDA:44,(anonymous_1)
FNDA:5,(anonymous_2)
FNDA:15,(anonymous_3)
FNDA:5,(anonymous_4)
FNDA:3,(anonymous_5)
FNDA:1,(anonymous_6)
FNDA:3,(anonymous_7)
FNDA:1,(anonymous_8)
FNDA:1,(anonymous_9)
FNDA:3,(anonymous_10)
FNDA:4,(anonymous_11)
FNDA:2,(anonymous_12)
FNDA:1,(anonymous_13)
FNDA:1,(anonymous_14)
DA:3,1
DA:10,34
DA:14,44
DA:15,44
DA:16,44
DA:17,44
DA:21,5
DA:25,15
DA:29,5
DA:33,3
DA:34,0
DA:40,3
DA:49,1
DA:50,0
DA:56,1
DA:65,3
DA:66,0
DA:72,3
DA:81,1
DA:85,1
DA:94,3
DA:103,4
DA:104,0
DA:110,4
DA:114,2
DA:115,0
DA:120,2
DA:121,2
DA:125,1
DA:126,0
DA:132,1
DA:138,1
DA:139,0
DA:145,1
DA:153,1
LF:35
LH:28
BRDA:33,0,0,0
BRDA:33,0,1,3
BRDA:41,1,0,3
BRDA:41,1,1,2
BRDA:41,1,2,1
BRDA:41,1,3,1
BRDA:49,2,0,0
BRDA:49,2,1,1
BRDA:49,3,0,1
BRDA:49,3,1,1
BRDA:65,4,0,0
BRDA:65,4,1,3
BRDA:65,5,0,3
BRDA:65,5,1,1
BRDA:103,6,0,0
BRDA:103,6,1,4
BRDA:114,7,0,0
BRDA:114,7,1,2
BRDA:125,8,0,0
BRDA:125,8,1,1
BRDA:125,9,0,1
BRDA:125,9,1,1
BRDA:138,10,0,0
BRDA:138,10,1,1
BRDA:138,11,0,1
BRDA:138,11,1,1
BRF:26
BRH:19
end_of_record
TN:
SF:C:\c\dktrace2\src\rt-error.js
FN:14,(anonymous_0)
FN:21,(anonymous_1)
FNF:2
FNH:0
FNDA:0,(anonymous_0)
FNDA:0,(anonymous_1)
DA:1,2
DA:7,2
DA:15,0
DA:16,0
DA:17,0
DA:18,0
DA:22,0
DA:26,2
LF:8
LH:3
BRF:0
BRH:0
end_of_record
